<?xml version="1.0" encoding="UTF-8"?>
<!-- Generated by org.testng.reporters.JUnitReportReporter -->
<testsuite hostname="5CD138MBFT" failures="0" tests="2" name="insuranceCalculation_MotoCycle.ErrorTests_MotorCycle" time="8.876" errors="0" timestamp="2024-02-08T18:04:08 IST" skipped="1">
  <testcase classname="insuranceCalculation_MotoCycle.ErrorTests_MotorCycle" name="verifyModelDropDownOptions" time="8.876"/>
  <testcase classname="insuranceCalculation_MotoCycle.ErrorTests_MotorCycle" name="errorMessage_payloadField">
    <skipped/>
  </testcase> <!-- errorMessage_payloadField -->
</testsuite> <!-- insuranceCalculation_MotoCycle.ErrorTests_MotorCycle -->
